['War Thunder - Black Friday 2022 Pack']2020
['The United SPACE of America']2022
['Hentai Cosplay USSR Soundtrack']2020
['Pejes Vs Zombies']2020
['Super Knockoff! VS']2018
["America's Tower Simulator"]2023
['War Thunder - USSR Starter Pack']2020
['BOT.vinnik Chess: Mid-Century USSR Championships']2021
['Cookies vs. Claus']2017
['Theatre of War 3: Korea']2011
['Blitzkrieg 3']2017
['Call to Arms - Gates of Hell: Ostfront']2021
['iRacing']2015
[]2000
['Merlin vs Zombies']2018
['Latin America Empire 2027']2022
['BattleRush - USSR Army DLC']2017
['Hentai Vs Furries']2020
['Strategic Mind: Fight for Freedom']2021
['Graviteam Tactics: Mius-Front']2016
['Welcome To... Chichester 1/Redux : The Spy Of America And The Long Vacation']2019
['Neptunia: Sisters VS Sisters']2023
['DCS: Mi-24P HIND']2021
['Finding America: The Heartland']2022
['Waifu vs Evil']2021
[]2000
['American Truck Simulator']2016
